<?xml version="1.0" encoding="UTF-8"?>
<testng-results skipped="0" failed="0" ignored="0" total="20" passed="20">
  <reporter-output>
  </reporter-output>
  <suite name="Suite" duration-ms="58642" started-at="2019-02-21T01:56:30Z" finished-at="2019-02-21T01:57:29Z">
    <groups>
    </groups>
    <test name="Test" duration-ms="32901" started-at="2019-02-21T01:56:30Z" finished-at="2019-02-21T01:57:03Z">
      <class name="jd.com.SeleniumHome">
        <test-method status="PASS" signature="setUp()[pri:0, instance:jd.com.SeleniumHome@15530b9]" name="setUp" duration-ms="32786" started-at="2019-02-21T01:56:30Z" finished-at="2019-02-21T01:57:03Z">
          <reporter-output>
          </reporter-output>
        </test-method> <!-- setUp -->
        <test-method status="PASS" signature="test11()[pri:0, instance:jd.com.SeleniumHome@15530b9]" name="test11" duration-ms="1" started-at="2019-02-21T01:57:03Z" finished-at="2019-02-21T01:57:03Z">
          <reporter-output>
          </reporter-output>
        </test-method> <!-- test11 -->
        <test-method status="PASS" signature="test22()[pri:0, instance:jd.com.SeleniumHome@15530b9]" name="test22" duration-ms="2" started-at="2019-02-21T01:57:03Z" finished-at="2019-02-21T01:57:03Z">
          <reporter-output>
          </reporter-output>
        </test-method> <!-- test22 -->
        <test-method status="PASS" signature="test33()[pri:0, instance:jd.com.SeleniumHome@15530b9]" name="test33" duration-ms="4" started-at="2019-02-21T01:57:03Z" finished-at="2019-02-21T01:57:03Z">
          <reporter-output>
          </reporter-output>
        </test-method> <!-- test33 -->
        <test-method status="PASS" signature="test44()[pri:0, instance:jd.com.SeleniumHome@15530b9]" name="test44" duration-ms="7" started-at="2019-02-21T01:57:03Z" finished-at="2019-02-21T01:57:03Z">
          <reporter-output>
          </reporter-output>
        </test-method> <!-- test44 -->
      </class> <!-- jd.com.SeleniumHome -->
      <class name="jd.com.SeleniumHome1">
        <test-method status="PASS" signature="setUp()[pri:0, instance:jd.com.SeleniumHome1@1057a39]" name="setUp" duration-ms="32833" started-at="2019-02-21T01:56:30Z" finished-at="2019-02-21T01:57:03Z">
          <reporter-output>
          </reporter-output>
        </test-method> <!-- setUp -->
        <test-method status="PASS" signature="test1()[pri:0, instance:jd.com.SeleniumHome1@1057a39]" name="test1" duration-ms="2" started-at="2019-02-21T01:57:03Z" finished-at="2019-02-21T01:57:03Z">
          <reporter-output>
          </reporter-output>
        </test-method> <!-- test1 -->
        <test-method status="PASS" signature="test2()[pri:0, instance:jd.com.SeleniumHome1@1057a39]" name="test2" duration-ms="1" started-at="2019-02-21T01:57:03Z" finished-at="2019-02-21T01:57:03Z">
          <reporter-output>
          </reporter-output>
        </test-method> <!-- test2 -->
        <test-method status="PASS" signature="test3()[pri:0, instance:jd.com.SeleniumHome1@1057a39]" name="test3" duration-ms="3" started-at="2019-02-21T01:57:03Z" finished-at="2019-02-21T01:57:03Z">
          <reporter-output>
          </reporter-output>
        </test-method> <!-- test3 -->
        <test-method status="PASS" signature="test4()[pri:0, instance:jd.com.SeleniumHome1@1057a39]" name="test4" duration-ms="1" started-at="2019-02-21T01:57:03Z" finished-at="2019-02-21T01:57:03Z">
          <reporter-output>
          </reporter-output>
        </test-method> <!-- test4 -->
      </class> <!-- jd.com.SeleniumHome1 -->
    </test> <!-- Test -->
    <test name="Test1" duration-ms="25715" started-at="2019-02-21T01:57:03Z" finished-at="2019-02-21T01:57:29Z">
      <class name="jd.com.SeleniumHome">
        <test-method status="PASS" signature="setUp()[pri:0, instance:jd.com.SeleniumHome@194d431]" name="setUp" duration-ms="25691" started-at="2019-02-21T01:57:03Z" finished-at="2019-02-21T01:57:29Z">
          <reporter-output>
          </reporter-output>
        </test-method> <!-- setUp -->
        <test-method status="PASS" signature="test11()[pri:0, instance:jd.com.SeleniumHome@194d431]" name="test11" duration-ms="3" started-at="2019-02-21T01:57:29Z" finished-at="2019-02-21T01:57:29Z">
          <reporter-output>
          </reporter-output>
        </test-method> <!-- test11 -->
        <test-method status="PASS" signature="test22()[pri:0, instance:jd.com.SeleniumHome@194d431]" name="test22" duration-ms="2" started-at="2019-02-21T01:57:29Z" finished-at="2019-02-21T01:57:29Z">
          <reporter-output>
          </reporter-output>
        </test-method> <!-- test22 -->
        <test-method status="PASS" signature="test33()[pri:0, instance:jd.com.SeleniumHome@194d431]" name="test33" duration-ms="2" started-at="2019-02-21T01:57:29Z" finished-at="2019-02-21T01:57:29Z">
          <reporter-output>
          </reporter-output>
        </test-method> <!-- test33 -->
        <test-method status="PASS" signature="test44()[pri:0, instance:jd.com.SeleniumHome@194d431]" name="test44" duration-ms="1" started-at="2019-02-21T01:57:29Z" finished-at="2019-02-21T01:57:29Z">
          <reporter-output>
          </reporter-output>
        </test-method> <!-- test44 -->
      </class> <!-- jd.com.SeleniumHome -->
      <class name="jd.com.SeleniumHome1">
        <test-method status="PASS" signature="setUp()[pri:0, instance:jd.com.SeleniumHome1@e26948]" name="setUp" duration-ms="21523" started-at="2019-02-21T01:57:03Z" finished-at="2019-02-21T01:57:24Z">
          <reporter-output>
          </reporter-output>
        </test-method> <!-- setUp -->
        <test-method status="PASS" signature="test1()[pri:0, instance:jd.com.SeleniumHome1@e26948]" name="test1" duration-ms="2" started-at="2019-02-21T01:57:24Z" finished-at="2019-02-21T01:57:24Z">
          <reporter-output>
          </reporter-output>
        </test-method> <!-- test1 -->
        <test-method status="PASS" signature="test2()[pri:0, instance:jd.com.SeleniumHome1@e26948]" name="test2" duration-ms="2" started-at="2019-02-21T01:57:24Z" finished-at="2019-02-21T01:57:24Z">
          <reporter-output>
          </reporter-output>
        </test-method> <!-- test2 -->
        <test-method status="PASS" signature="test3()[pri:0, instance:jd.com.SeleniumHome1@e26948]" name="test3" duration-ms="1" started-at="2019-02-21T01:57:24Z" finished-at="2019-02-21T01:57:24Z">
          <reporter-output>
          </reporter-output>
        </test-method> <!-- test3 -->
        <test-method status="PASS" signature="test4()[pri:0, instance:jd.com.SeleniumHome1@e26948]" name="test4" duration-ms="1" started-at="2019-02-21T01:57:24Z" finished-at="2019-02-21T01:57:24Z">
          <reporter-output>
          </reporter-output>
        </test-method> <!-- test4 -->
      </class> <!-- jd.com.SeleniumHome1 -->
    </test> <!-- Test1 -->
  </suite> <!-- Suite -->
</testng-results>
