<?xml version="1.0" encoding="UTF-8"?>
<testng-results skipped="0" failed="0" ignored="0" total="1" passed="1">
  <reporter-output>
  </reporter-output>
  <suite name="Default suite" duration-ms="57277" started-at="2019-02-20T03:33:45Z" finished-at="2019-02-20T03:34:42Z">
    <groups>
    </groups>
    <test name="Default test" duration-ms="57277" started-at="2019-02-20T03:33:45Z" finished-at="2019-02-20T03:34:42Z">
      <class name="jd.com.SeleniumHome">
        <test-method status="PASS" signature="setUp()[pri:0, instance:jd.com.SeleniumHome@cb5822]" name="setUp" duration-ms="57162" started-at="2019-02-20T03:33:45Z" finished-at="2019-02-20T03:34:42Z">
          <reporter-output>
          </reporter-output>
        </test-method> <!-- setUp -->
      </class> <!-- jd.com.SeleniumHome -->
    </test> <!-- Default test -->
  </suite> <!-- Default suite -->
</testng-results>
