<?xml version="1.0" encoding="UTF-8"?>
<!-- Generated by org.testng.reporters.JUnitXMLReporter -->
<testsuite hostname="SathishPo" ignored="0" name="Test" tests="10" failures="0" timestamp="21 Feb 2019 01:57:03 GMT" time="32.901" errors="0">
  <testcase name="setUp" time="32.786" classname="jd.com.SeleniumHome"/>
  <testcase name="test11" time="0.001" classname="jd.com.SeleniumHome"/>
  <testcase name="test22" time="0.002" classname="jd.com.SeleniumHome"/>
  <testcase name="test33" time="0.004" classname="jd.com.SeleniumHome"/>
  <testcase name="test44" time="0.007" classname="jd.com.SeleniumHome"/>
  <testcase name="setUp" time="32.833" classname="jd.com.SeleniumHome1"/>
  <testcase name="test1" time="0.002" classname="jd.com.SeleniumHome1"/>
  <testcase name="test2" time="0.001" classname="jd.com.SeleniumHome1"/>
  <testcase name="test3" time="0.003" classname="jd.com.SeleniumHome1"/>
  <testcase name="test4" time="0.001" classname="jd.com.SeleniumHome1"/>
</testsuite> <!-- Test -->
